  BigZombie.cpp
c:\users\vikto\desktop\dinogame\dinogame\utils.hpp(32): warning C4244: 'return': conversion from 'double' to 'float', possible loss of data
  Cell.cpp
c:\users\vikto\desktop\dinogame\dinogame\utils.hpp(32): warning C4244: 'return': conversion from 'double' to 'float', possible loss of data
  Character.cpp
c:\users\vikto\desktop\dinogame\dinogame\utils.hpp(32): warning C4244: 'return': conversion from 'double' to 'float', possible loss of data
c:\users\vikto\desktop\dinogame\dinogame\character.cpp(8): warning C4244: '=': conversion from 'int' to 'float', possible loss of data
c:\users\vikto\desktop\dinogame\dinogame\character.cpp(37): warning C4305: 'initializing': truncation from 'double' to 'float'
c:\users\vikto\desktop\dinogame\dinogame\character.cpp(155): warning C4244: 'argument': conversion from 'double' to 'T', possible loss of data
          with
          [
              T=float
          ]
c:\users\vikto\desktop\dinogame\dinogame\character.cpp(160): warning C4244: 'argument': conversion from 'double' to 'T', possible loss of data
          with
          [
              T=float
          ]
  Dungeon.cpp
c:\users\vikto\desktop\dinogame\dinogame\utils.hpp(32): warning C4244: 'return': conversion from 'double' to 'float', possible loss of data
c:\users\vikto\desktop\dinogame\dinogame\graph.h(58): warning C4018: '<': signed/unsigned mismatch
c:\users\vikto\desktop\dinogame\dinogame\graph.h(69): warning C4018: '<': signed/unsigned mismatch
c:\users\vikto\desktop\dinogame\dinogame\dungeon.cpp(33): warning C4018: '<': signed/unsigned mismatch
c:\users\vikto\desktop\dinogame\dinogame\dungeon.cpp(68): warning C4244: 'initializing': conversion from 'float' to 'int', possible loss of data
c:\users\vikto\desktop\dinogame\dinogame\dungeon.cpp(130): warning C4018: '<': signed/unsigned mismatch
c:\users\vikto\desktop\dinogame\dinogame\dungeon.cpp(153): warning C4018: '<': signed/unsigned mismatch
c:\users\vikto\desktop\dinogame\dinogame\dungeon.cpp(204): warning C4018: '<': signed/unsigned mismatch
c:\users\vikto\desktop\dinogame\dinogame\dungeon.cpp(206): warning C4018: '<': signed/unsigned mismatch
  Enemy.cpp
c:\users\vikto\desktop\dinogame\dinogame\utils.hpp(32): warning C4244: 'return': conversion from 'double' to 'float', possible loss of data
  Floor.cpp
c:\users\vikto\desktop\dinogame\dinogame\utils.hpp(32): warning C4244: 'return': conversion from 'double' to 'float', possible loss of data
  Game.cpp
c:\users\vikto\desktop\dinogame\dinogame\utils.hpp(32): warning C4244: 'return': conversion from 'double' to 'float', possible loss of data
c:\users\vikto\desktop\dinogame\dinogame\wall.h(12): warning C4141: 'virtual': used more than once
c:\users\vikto\desktop\dinogame\dinogame\game.cpp(19): warning C4244: 'argument': conversion from 'time_t' to 'unsigned int', possible loss of data
c:\users\vikto\desktop\dinogame\dinogame\game.cpp(33): warning C4244: 'argument': conversion from 'float' to 'unsigned int', possible loss of data
c:\users\vikto\desktop\dinogame\dinogame\game.cpp(45): warning C4244: 'argument': conversion from 'T' to 'T', possible loss of data
          with
          [
              T=unsigned int
          ]
          and
          [
              T=float
          ]
c:\users\vikto\desktop\dinogame\dinogame\game.cpp(49): warning C4244: 'argument': conversion from 'T' to 'T', possible loss of data
          with
          [
              T=unsigned int
          ]
          and
          [
              T=float
          ]
c:\users\vikto\desktop\dinogame\dinogame\game.cpp(54): warning C4244: 'argument': conversion from 'T' to 'T', possible loss of data
          with
          [
              T=unsigned int
          ]
          and
          [
              T=float
          ]
c:\users\vikto\desktop\dinogame\dinogame\game.cpp(169): warning C4018: '<=': signed/unsigned mismatch
c:\users\vikto\desktop\dinogame\dinogame\game.cpp(171): warning C4018: '<=': signed/unsigned mismatch
  Grid.cpp
c:\users\vikto\desktop\dinogame\dinogame\utils.hpp(32): warning C4244: 'return': conversion from 'double' to 'float', possible loss of data
c:\users\vikto\desktop\dinogame\dinogame\grid.cpp(6): warning C4018: '<': signed/unsigned mismatch
c:\users\vikto\desktop\dinogame\dinogame\grid.cpp(9): warning C4018: '<': signed/unsigned mismatch
c:\users\vikto\desktop\dinogame\dinogame\grid.cpp(35): warning C4244: 'argument': conversion from 'T' to 'unsigned int', possible loss of data
          with
          [
              T=float
          ]
c:\users\vikto\desktop\dinogame\dinogame\grid.cpp(36): warning C4018: '<': signed/unsigned mismatch
c:\users\vikto\desktop\dinogame\dinogame\grid.cpp(38): warning C4018: '<': signed/unsigned mismatch
  Hero.cpp
c:\users\vikto\desktop\dinogame\dinogame\utils.hpp(32): warning C4244: 'return': conversion from 'double' to 'float', possible loss of data
  HitboxComponent.cpp
c:\users\vikto\desktop\dinogame\dinogame\utils.hpp(32): warning C4244: 'return': conversion from 'double' to 'float', possible loss of data
  Item.cpp
c:\users\vikto\desktop\dinogame\dinogame\utils.hpp(32): warning C4244: 'return': conversion from 'double' to 'float', possible loss of data
c:\users\vikto\desktop\dinogame\dinogame\item.cpp(13): warning C4244: '=': conversion from 'int' to 'float', possible loss of data
c:\users\vikto\desktop\dinogame\dinogame\item.cpp(14): warning C4305: '*=': truncation from 'double' to 'float'
  main.cpp
c:\users\vikto\desktop\dinogame\dinogame\utils.hpp(32): warning C4244: 'return': conversion from 'double' to 'float', possible loss of data
c:\users\vikto\desktop\dinogame\dinogame\wall.h(12): warning C4141: 'virtual': used more than once
  Object.cpp
c:\users\vikto\desktop\dinogame\dinogame\utils.hpp(32): warning C4244: 'return': conversion from 'double' to 'float', possible loss of data
c:\users\vikto\desktop\dinogame\dinogame\object.cpp(52): warning C4244: '=': conversion from 'T' to 'int', possible loss of data
          with
          [
              T=float
          ]
c:\users\vikto\desktop\dinogame\dinogame\object.cpp(82): warning C4244: 'argument': conversion from 'T' to 'T', possible loss of data
          with
          [
              T=float
          ]
          and
          [
              T=int
          ]
c:\users\vikto\desktop\dinogame\dinogame\object.cpp(83): warning C4244: '=': conversion from 'float' to 'T', possible loss of data
          with
          [
              T=int
          ]
c:\users\vikto\desktop\dinogame\dinogame\object.cpp(84): warning C4244: '=': conversion from 'float' to 'T', possible loss of data
          with
          [
              T=int
          ]
c:\users\vikto\desktop\dinogame\dinogame\object.cpp(85): warning C4244: '=': conversion from 'float' to 'T', possible loss of data
          with
          [
              T=int
          ]
c:\users\vikto\desktop\dinogame\dinogame\object.cpp(86): warning C4244: '=': conversion from 'float' to 'T', possible loss of data
          with
          [
              T=int
          ]
c:\users\vikto\desktop\dinogame\dinogame\object.cpp(183): warning C4244: 'argument': conversion from 'T' to 'T', possible loss of data
          with
          [
              T=unsigned int
          ]
          and
          [
              T=float
          ]
c:\users\vikto\desktop\dinogame\dinogame\object.cpp(185): warning C4018: '<': signed/unsigned mismatch
c:\users\vikto\desktop\dinogame\dinogame\object.cpp(185): warning C4244: '+=': conversion from 'T' to 'int', possible loss of data
          with
          [
              T=float
          ]
c:\users\vikto\desktop\dinogame\dinogame\object.cpp(188): warning C4018: '<': signed/unsigned mismatch
c:\users\vikto\desktop\dinogame\dinogame\object.cpp(188): warning C4244: '+=': conversion from 'T' to 'int', possible loss of data
          with
          [
              T=float
          ]
c:\users\vikto\desktop\dinogame\dinogame\object.cpp(190): warning C4244: 'argument': conversion from 'T' to 'T', possible loss of data
          with
          [
              T=float
          ]
          and
          [
              T=int
          ]
  PreLoad.cpp
c:\users\vikto\desktop\dinogame\dinogame\utils.hpp(32): warning C4244: 'return': conversion from 'double' to 'float', possible loss of data
  Tile.cpp
c:\users\vikto\desktop\dinogame\dinogame\utils.hpp(32): warning C4244: 'return': conversion from 'double' to 'float', possible loss of data
  Wall.cpp
c:\users\vikto\desktop\dinogame\dinogame\utils.hpp(32): warning C4244: 'return': conversion from 'double' to 'float', possible loss of data
c:\users\vikto\desktop\dinogame\dinogame\wall.h(12): warning C4141: 'virtual': used more than once
  Weapon.cpp
c:\users\vikto\desktop\dinogame\dinogame\utils.hpp(32): warning C4244: 'return': conversion from 'double' to 'float', possible loss of data
  Generating Code...
c:\users\vikto\desktop\dinogame\dinogame\object.cpp(107): warning C4172: returning address of local variable or temporary
c:\users\vikto\desktop\dinogame\dinogame\character.cpp(184): warning C4715: 'Character::findIndex': not all control paths return a value
  DinoGame.vcxproj -> C:\Users\vikto\Desktop\DinoGame\Debug\DinoGame.exe
