c:\users\vikto\dropbox\files\c++\dinogame\dinogame\debug\vc141.pdb
c:\users\vikto\dropbox\files\c++\dinogame\dinogame\debug\vc141.idb
c:\users\vikto\dropbox\files\c++\dinogame\dinogame\debug\main.obj
c:\users\vikto\dropbox\files\c++\dinogame\dinogame\debug\object.obj
c:\users\vikto\dropbox\files\c++\dinogame\dinogame\debug\game.obj
c:\users\vikto\dropbox\files\c++\dinogame\dinogame\debug\dino.obj
c:\users\vikto\dropbox\files\c++\dinogame\dinogame\debug\character.obj
c:\users\vikto\dropbox\files\c++\dinogame\dinogame\debug\hero.obj
c:\users\vikto\dropbox\files\c++\dinogame\dinogame\debug\room.obj
c:\users\vikto\dropbox\files\c++\dinogame\dinogame\debug\movementcomponent.obj
c:\users\vikto\dropbox\files\c++\dinogame\dinogame\debug\grid.obj
c:\users\vikto\dropbox\files\c++\dinogame\dinogame\debug\cell.obj
c:\users\vikto\dropbox\files\c++\dinogame\dinogame\debug\dungeon.obj
c:\users\vikto\dropbox\files\c++\dinogame\dinogame\debug\preload.obj
c:\users\vikto\dropbox\files\c++\dinogame\dinogame\debug\bigzombie.obj
c:\users\vikto\dropbox\files\c++\dinogame\dinogame\debug\enemy.obj
c:\users\vikto\dropbox\files\c++\dinogame\dinogame\debug\hitbox.obj
c:\users\vikto\dropbox\files\c++\dinogame\dinogame\debug\hitboxlist.obj
c:\users\vikto\dropbox\files\c++\dinogame\dinogame\debug\hitboxcomponent.obj
c:\users\vikto\dropbox\files\c++\dinogame\dinogame\debug\animationcomponent.obj
c:\users\vikto\dropbox\files\c++\dinogame\dinogame\debug\slider.obj
c:\users\vikto\dropbox\files\c++\dinogame\dinogame\debug\editor.obj
c:\users\vikto\dropbox\files\c++\dinogame\dinogame\debug\button.obj
c:\users\vikto\dropbox\files\c++\dinogame\dinogame\debug\weapon.obj
c:\users\vikto\dropbox\files\c++\dinogame\dinogame\debug\item.obj
c:\users\vikto\dropbox\files\c++\dinogame\debug\dinogame.exe
c:\users\vikto\dropbox\files\c++\dinogame\debug\dinogame.ilk
c:\users\vikto\dropbox\files\c++\dinogame\debug\dinogame.pdb
c:\users\vikto\dropbox\files\c++\dinogame\dinogame\debug\game.obj.enc
c:\users\vikto\dropbox\files\c++\dinogame\dinogame\debug\main.obj.enc
c:\users\vikto\dropbox\files\c++\dinogame\dinogame\debug\dinogame.tlog\cl.command.1.tlog
c:\users\vikto\dropbox\files\c++\dinogame\dinogame\debug\dinogame.tlog\cl.read.1.tlog
c:\users\vikto\dropbox\files\c++\dinogame\dinogame\debug\dinogame.tlog\cl.write.1.tlog
c:\users\vikto\dropbox\files\c++\dinogame\dinogame\debug\dinogame.tlog\link.command.1.tlog
c:\users\vikto\dropbox\files\c++\dinogame\dinogame\debug\dinogame.tlog\link.read.1.tlog
c:\users\vikto\dropbox\files\c++\dinogame\dinogame\debug\dinogame.tlog\link.write.1.tlog
