  Object.cpp
c:\users\vikto\desktop\dinogame\dinogame\utils.hpp(32): warning C4244: 'return': conversion from 'double' to 'float', possible loss of data
c:\users\vikto\desktop\dinogame\dinogame\object.cpp(68): warning C4244: '=': conversion from 'T' to 'int', possible loss of data
          with
          [
              T=float
          ]
c:\users\vikto\desktop\dinogame\dinogame\object.cpp(97): warning C4244: 'argument': conversion from 'T' to 'T', possible loss of data
          with
          [
              T=float
          ]
          and
          [
              T=int
          ]
c:\users\vikto\desktop\dinogame\dinogame\object.cpp(98): warning C4244: '=': conversion from 'float' to 'T', possible loss of data
          with
          [
              T=int
          ]
c:\users\vikto\desktop\dinogame\dinogame\object.cpp(99): warning C4244: '=': conversion from 'float' to 'T', possible loss of data
          with
          [
              T=int
          ]
c:\users\vikto\desktop\dinogame\dinogame\object.cpp(100): warning C4244: '=': conversion from 'float' to 'T', possible loss of data
          with
          [
              T=int
          ]
c:\users\vikto\desktop\dinogame\dinogame\object.cpp(101): warning C4244: '=': conversion from 'float' to 'T', possible loss of data
          with
          [
              T=int
          ]
c:\users\vikto\desktop\dinogame\dinogame\object.cpp(198): warning C4244: 'argument': conversion from 'T' to 'T', possible loss of data
          with
          [
              T=unsigned int
          ]
          and
          [
              T=float
          ]
c:\users\vikto\desktop\dinogame\dinogame\object.cpp(200): warning C4018: '<': signed/unsigned mismatch
c:\users\vikto\desktop\dinogame\dinogame\object.cpp(200): warning C4244: '+=': conversion from 'T' to 'int', possible loss of data
          with
          [
              T=float
          ]
c:\users\vikto\desktop\dinogame\dinogame\object.cpp(203): warning C4018: '<': signed/unsigned mismatch
c:\users\vikto\desktop\dinogame\dinogame\object.cpp(203): warning C4244: '+=': conversion from 'T' to 'int', possible loss of data
          with
          [
              T=float
          ]
c:\users\vikto\desktop\dinogame\dinogame\object.cpp(205): warning C4244: 'argument': conversion from 'T' to 'T', possible loss of data
          with
          [
              T=float
          ]
          and
          [
              T=int
          ]
  Generating code
  4 of 1514 functions ( 0.3%) were compiled, the rest were copied from previous compilation.
    0 functions were new in current compilation
    3 functions had inline decision re-evaluated but remain unchanged
  Finished generating code
  DinoGame.vcxproj -> C:\Users\vikto\Desktop\DinoGame\Release\DinoGame.exe
